# JRE version: OpenJDK Runtime Environment (7.0_79-b14) (build 1.7.0_79-b14)
# Java VM: OpenJDK 64-Bit Server VM (24.79-b02 mixed mode linux-amd64 compressed oops)
Heap
 PSYoungGen      total 137216K, used 14305K [0x00000000eaa80000, 0x00000000f3e80000, 0x0000000100000000)
  eden space 122880K, 0% used [0x00000000eaa80000,0x00000000eaa80000,0x00000000f2280000)
  from space 14336K, 99% used [0x00000000f2280000,0x00000000f3078578,0x00000000f3080000)
  to   space 13824K, 0% used [0x00000000f3100000,0x00000000f3100000,0x00000000f3e80000)
 ParOldGen       total 40960K, used 31502K [0x00000000c0000000, 0x00000000c2800000, 0x00000000eaa80000)
  object space 40960K, 76% used [0x00000000c0000000,0x00000000c1ec3b68,0x00000000c2800000)
 PSPermGen       total 21504K, used 6657K [0x00000000b5a00000, 0x00000000b6f00000, 0x00000000c0000000)
  object space 21504K, 30% used [0x00000000b5a00000,0x00000000b60805f0,0x00000000b6f00000)
GC Heap History (10 events):
Event: 3.990 GC heap after
Heap after GC invocations=4 (full 0):
 PSYoungGen      total 33280K, used 2546K [0x00000000eaa80000, 0x00000000ecd80000, 0x0000000100000000)
  eden space 30720K, 0% used [0x00000000eaa80000,0x00000000eaa80000,0x00000000ec880000)
  from space 2560K, 99% used [0x00000000ecb00000,0x00000000ecd7ca38,0x00000000ecd80000)
  to   space 2560K, 0% used [0x00000000ec880000,0x00000000ec880000,0x00000000ecb00000)
 ParOldGen       total 40960K, used 16322K [0x00000000c0000000, 0x00000000c2800000, 0x00000000eaa80000)
  object space 40960K, 39% used [0x00000000c0000000,0x00000000c0ff0b98,0x00000000c2800000)
 PSPermGen       total 21504K, used 6359K [0x00000000b5a00000, 0x00000000b6f00000, 0x00000000c0000000)
  object space 21504K, 29% used [0x00000000b5a00000,0x00000000b6035f48,0x00000000b6f00000)
}
Event: 4.551 GC heap before
{Heap before GC invocations=5 (full 0):
 PSYoungGen      total 33280K, used 33266K [0x00000000eaa80000, 0x00000000ecd80000, 0x0000000100000000)
  eden space 30720K, 100% used [0x00000000eaa80000,0x00000000ec880000,0x00000000ec880000)
  from space 2560K, 99% used [0x00000000ecb00000,0x00000000ecd7ca38,0x00000000ecd80000)
  to   space 2560K, 0% used [0x00000000ec880000,0x00000000ec880000,0x00000000ecb00000)
 ParOldGen       total 40960K, used 16322K [0x00000000c0000000, 0x00000000c2800000, 0x00000000eaa80000)
  object space 40960K, 39% used [0x00000000c0000000,0x00000000c0ff0b98,0x00000000c2800000)
 PSPermGen       total 21504K, used 6623K [0x00000000b5a00000, 0x00000000b6f00000, 0x00000000c0000000)
  object space 21504K, 30% used [0x00000000b5a00000,0x00000000b6077dd0,0x00000000b6f00000)
Event: 4.571 GC heap after
Heap after GC invocations=5 (full 0):
 PSYoungGen      total 33280K, used 2550K [0x00000000eaa80000, 0x00000000f0280000, 0x0000000100000000)
  eden space 30720K, 0% used [0x00000000eaa80000,0x00000000eaa80000,0x00000000ec880000)
  from space 2560K, 99% used [0x00000000ec880000,0x00000000ecafd820,0x00000000ecb00000)
  to   space 14336K, 0% used [0x00000000ef480000,0x00000000ef480000,0x00000000f0280000)
 ParOldGen       total 40960K, used 24370K [0x00000000c0000000, 0x00000000c2800000, 0x00000000eaa80000)
  object space 40960K, 59% used [0x00000000c0000000,0x00000000c17cca88,0x00000000c2800000)
 PSPermGen       total 21504K, used 6623K [0x00000000b5a00000, 0x00000000b6f00000, 0x00000000c0000000)
  object space 21504K, 30% used [0x00000000b5a00000,0x00000000b6077dd0,0x00000000b6f00000)
}
Event: 4.978 GC heap before
{Heap before GC invocations=6 (full 0):
 PSYoungGen      total 33280K, used 33270K [0x00000000eaa80000, 0x00000000f0280000, 0x0000000100000000)
  eden space 30720K, 100% used [0x00000000eaa80000,0x00000000ec880000,0x00000000ec880000)
  from space 2560K, 99% used [0x00000000ec880000,0x00000000ecafd820,0x00000000ecb00000)
  to   space 14336K, 0% used [0x00000000ef480000,0x00000000ef480000,0x00000000f0280000)
 ParOldGen       total 40960K, used 24370K [0x00000000c0000000, 0x00000000c2800000, 0x00000000eaa80000)
  object space 40960K, 59% used [0x00000000c0000000,0x00000000c17cca88,0x00000000c2800000)
 PSPermGen       total 21504K, used 6635K [0x00000000b5a00000, 0x00000000b6f00000, 0x00000000c0000000)
  object space 21504K, 30% used [0x00000000b5a00000,0x00000000b607aee8,0x00000000b6f00000)
Event: 5.020 GC heap after
Heap after GC invocations=6 (full 0):
 PSYoungGen      total 73728K, used 6150K [0x00000000eaa80000, 0x00000000f0080000, 0x0000000100000000)
  eden space 61440K, 0% used [0x00000000eaa80000,0x00000000eaa80000,0x00000000ee680000)
  from space 12288K, 50% used [0x00000000ef480000,0x00000000efa818f8,0x00000000f0080000)
  to   space 13312K, 0% used [0x00000000ee680000,0x00000000ee680000,0x00000000ef380000)
 ParOldGen       total 40960K, used 24370K [0x00000000c0000000, 0x00000000c2800000, 0x00000000eaa80000)
  object space 40960K, 59% used [0x00000000c0000000,0x00000000c17cca88,0x00000000c2800000)
 PSPermGen       total 21504K, used 6635K [0x00000000b5a00000, 0x00000000b6f00000, 0x00000000c0000000)
  object space 21504K, 30% used [0x00000000b5a00000,0x00000000b607aee8,0x00000000b6f00000)
}
Event: 5.278 GC heap before
{Heap before GC invocations=7 (full 0):
 PSYoungGen      total 73728K, used 67590K [0x00000000eaa80000, 0x00000000f0080000, 0x0000000100000000)
  eden space 61440K, 100% used [0x00000000eaa80000,0x00000000ee680000,0x00000000ee680000)
  from space 12288K, 50% used [0x00000000ef480000,0x00000000efa818f8,0x00000000f0080000)
  to   space 13312K, 0% used [0x00000000ee680000,0x00000000ee680000,0x00000000ef380000)
 ParOldGen       total 40960K, used 24370K [0x00000000c0000000, 0x00000000c2800000, 0x00000000eaa80000)
  object space 40960K, 59% used [0x00000000c0000000,0x00000000c17cca88,0x00000000c2800000)
 PSPermGen       total 21504K, used 6643K [0x00000000b5a00000, 0x00000000b6f00000, 0x00000000c0000000)
  object space 21504K, 30% used [0x00000000b5a00000,0x00000000b607cf28,0x00000000b6f00000)
Event: 5.303 GC heap after
Heap after GC invocations=7 (full 0):
 PSYoungGen      total 74752K, used 11401K [0x00000000eaa80000, 0x00000000f3f80000, 0x0000000100000000)
  eden space 61440K, 0% used [0x00000000eaa80000,0x00000000eaa80000,0x00000000ee680000)
  from space 13312K, 85% used [0x00000000ee680000,0x00000000ef1a24c8,0x00000000ef380000)
  to   space 14848K, 0% used [0x00000000f3100000,0x00000000f3100000,0x00000000f3f80000)
 ParOldGen       total 40960K, used 29878K [0x00000000c0000000, 0x00000000c2800000, 0x00000000eaa80000)
  object space 40960K, 72% used [0x00000000c0000000,0x00000000c1d2d990,0x00000000c2800000)
 PSPermGen       total 21504K, used 6643K [0x00000000b5a00000, 0x00000000b6f00000, 0x00000000c0000000)
  object space 21504K, 30% used [0x00000000b5a00000,0x00000000b607cf28,0x00000000b6f00000)
}
Event: 5.533 GC heap before
{Heap before GC invocations=8 (full 0):
 PSYoungGen      total 74752K, used 72841K [0x00000000eaa80000, 0x00000000f3f80000, 0x0000000100000000)
  eden space 61440K, 100% used [0x00000000eaa80000,0x00000000ee680000,0x00000000ee680000)
  from space 13312K, 85% used [0x00000000ee680000,0x00000000ef1a24c8,0x00000000ef380000)
  to   space 14848K, 0% used [0x00000000f3100000,0x00000000f3100000,0x00000000f3f80000)
 ParOldGen       total 40960K, used 29878K [0x00000000c0000000, 0x00000000c2800000, 0x00000000eaa80000)
  object space 40960K, 72% used [0x00000000c0000000,0x00000000c1d2d990,0x00000000c2800000)
 PSPermGen       total 21504K, used 6651K [0x00000000b5a00000, 0x00000000b6f00000, 0x00000000c0000000)
  object space 21504K, 30% used [0x00000000b5a00000,0x00000000b607ee60,0x00000000b6f00000)
Event: 5.548 GC heap after
Heap after GC invocations=8 (full 0):
 PSYoungGen      total 136704K, used 8043K [0x00000000eaa80000, 0x00000000f3e80000, 0x0000000100000000)
  eden space 122880K, 0% used [0x00000000eaa80000,0x00000000eaa80000,0x00000000f2280000)
  from space 13824K, 58% used [0x00000000f3100000,0x00000000f38dacd0,0x00000000f3e80000)
  to   space 14336K, 0% used [0x00000000f2280000,0x00000000f2280000,0x00000000f3080000)
 ParOldGen       total 40960K, used 30843K [0x00000000c0000000, 0x00000000c2800000, 0x00000000eaa80000)
  object space 40960K, 75% used [0x00000000c0000000,0x00000000c1e1ecb8,0x00000000c2800000)
 PSPermGen       total 21504K, used 6651K [0x00000000b5a00000, 0x00000000b6f00000, 0x00000000c0000000)
  object space 21504K, 30% used [0x00000000b5a00000,0x00000000b607ee60,0x00000000b6f00000)
}
Event: 6.037 GC heap before
{Heap before GC invocations=9 (full 0):
 PSYoungGen      total 136704K, used 130923K [0x00000000eaa80000, 0x00000000f3e80000, 0x0000000100000000)
  eden space 122880K, 100% used [0x00000000eaa80000,0x00000000f2280000,0x00000000f2280000)
  from space 13824K, 58% used [0x00000000f3100000,0x00000000f38dacd0,0x00000000f3e80000)
  to   space 14336K, 0% used [0x00000000f2280000,0x00000000f2280000,0x00000000f3080000)
 ParOldGen       total 40960K, used 30843K [0x00000000c0000000, 0x00000000c2800000, 0x00000000eaa80000)
  object space 40960K, 75% used [0x00000000c0000000,0x00000000c1e1ecb8,0x00000000c2800000)
 PSPermGen       total 21504K, used 6657K [0x00000000b5a00000, 0x00000000b6f00000, 0x00000000c0000000)
  object space 21504K, 30% used [0x00000000b5a00000,0x00000000b60805f0,0x00000000b6f00000)

